[2015.08.31-17.59.06:378][  0]Log file open, 08/31/15 13:59:06
[2015.08.31-17.59.06:378][  0]LogInit:Display: Running engine for game: MyProject
[2015.08.31-17.59.06:378][  0]LogInit:Display: RandInit(1156863126) SRandInit(1156863126).
[2015.08.31-17.59.06:378][  0]LogTaskGraph: Started task graph with 4 named threads and 5 total threads.
[2015.08.31-17.59.06:378][  0]LogStats: Stats thread started
[2015.08.31-17.59.06:378][  0]LogInit: Version: 4.8.3-2634408+++depot+UE4-Releases+4.8
[2015.08.31-17.59.06:378][  0]LogInit: API Version: 2579680
[2015.08.31-17.59.06:378][  0]LogInit: Compiled (64-bit): Jul 27 2015 16:24:33
[2015.08.31-17.59.06:378][  0]LogInit: Compiled with Visual C++: 18.00.21005.01
[2015.08.31-17.59.06:378][  0]LogInit: Build Configuration: Development
[2015.08.31-17.59.06:378][  0]LogInit: Branch Name: ++depot+UE4-Releases+4.8
[2015.08.31-17.59.06:378][  0]LogInit: Command line:  
[2015.08.31-17.59.06:378][  0]LogInit: Base directory: C:/Program Files/Epic Games/4.8/Engine/Binaries/Win64/
[2015.08.31-17.59.06:378][  0]LogInit: Rocket: 1
[2015.08.31-17.59.06:420][  0]LogInit: Using libcurl 7.41.0
[2015.08.31-17.59.06:420][  0]LogInit:  - built for x86_64-pc-win32
[2015.08.31-17.59.06:420][  0]LogInit:  - supports SSL with WinSSL
[2015.08.31-17.59.06:420][  0]LogInit:  - other features:
[2015.08.31-17.59.06:420][  0]LogInit:      CURL_VERSION_SSL
[2015.08.31-17.59.06:420][  0]LogInit:      CURL_VERSION_IPV6
[2015.08.31-17.59.06:420][  0]LogInit:      CURL_VERSION_ASYNCHDNS
[2015.08.31-17.59.06:420][  0]LogInit:      CURL_VERSION_LARGEFILE
[2015.08.31-17.59.06:420][  0]LogInit:      CURL_VERSION_IDN
[2015.08.31-17.59.06:421][  0]LogInit:  CurlRequestOptions (configurable via config and command line):
[2015.08.31-17.59.06:421][  0]LogInit:  - bVerifyPeer = true  - Libcurl will verify peer certificate
[2015.08.31-17.59.06:421][  0]LogInit:  - bUseHttpProxy = false  - Libcurl will NOT use HTTP proxy
[2015.08.31-17.59.06:421][  0]LogInit:  - bDontReuseConnections = false  - Libcurl will reuse connections
[2015.08.31-17.59.06:421][  0]LogInit:  - CertBundlePath = nullptr  - Libcurl will use whatever was configured at build time.
[2015.08.31-17.59.06:462][  0]LogOnline:Warning: No default platform service specified for OnlineSubsystem
[2015.08.31-17.59.06:510][  0]LogInit: Presizing for 0 objects not considered by GC, pre-allocating 0 bytes.
[2015.08.31-17.59.06:536][  0]LogInit: Object subsystem initialized
[2015.08.31-17.59.06:539][  0]LogConsoleResponse:Warning: Skipping Unknown console variable: 'TranslucentSortAxis = (X=0.000000,Y=-1.000000,Z=0.000000)'
[2015.08.31-17.59.06:539][  0]LogConsoleResponse:Warning:   Found in ini file 'C:/Users/Shai K/Documents/Unreal Projects/MyProject/Saved/Config/Windows/Engine.ini', in section '[/Script/Engine.RendererSettings]'
[2015.08.31-17.59.06:539][  0]LogConsoleResponse:Warning: Skipping Unknown console variable: 'UIScaleRule = ShortestSide'
[2015.08.31-17.59.06:539][  0]LogConsoleResponse:Warning:   Found in ini file 'C:/Users/Shai K/Documents/Unreal Projects/MyProject/Saved/Config/Windows/Engine.ini', in section '[/Script/Engine.RendererSettings]'
[2015.08.31-17.59.06:539][  0]LogConsoleResponse:Warning: Skipping Unknown console variable: 'UIScaleCurve = (EditorCurveData=(Keys=),ExternalCurve=None)'
[2015.08.31-17.59.06:539][  0]LogConsoleResponse:Warning:   Found in ini file 'C:/Users/Shai K/Documents/Unreal Projects/MyProject/Saved/Config/Windows/Engine.ini', in section '[/Script/Engine.RendererSettings]'
[2015.08.31-17.59.06:541][  0]LogInit: Selected Device Profile: [Windows]
[2015.08.31-17.59.06:542][  0]LogInit: Applying CVar settings loaded from the selected device profile: [Windows]
[2015.08.31-17.59.06:574][  0]LogInit: Computer: SHAI
[2015.08.31-17.59.06:575][  0]LogInit: User: ShaiK
[2015.08.31-17.59.06:575][  0]LogInit: CPU Page size=4096, Cores=2
[2015.08.31-17.59.06:575][  0]LogInit: High frequency timer resolution =2.338338 MHz
[2015.08.31-17.59.06:575][  0]LogMemory: Memory total: Physical=7.9GB (8GB approx)
[2015.08.31-17.59.06:575][  0]LogMemory: Platform Memory Stats for Windows
[2015.08.31-17.59.06:575][  0]LogMemory: Process Physical Memory: 47.74 MB used, 47.74 MB peak
[2015.08.31-17.59.06:575][  0]LogMemory: Process Virtual Memory: 22.18 MB used, 22.18 MB peak
[2015.08.31-17.59.06:575][  0]LogMemory: Physical Memory: 4768.40 MB used, 8104.27 MB total
[2015.08.31-17.59.06:575][  0]LogMemory: Virtual Memory: 303.43 MB used, 134217728.00 MB total
[2015.08.31-17.59.06:654][  0]LogTextLocalizationManager: The requested culture ('en_US') has no localization data; parent culture's ('en') localization data will be used.
[2015.08.31-17.59.07:498][  0]LogTextLocalizationManager:Warning: Loaded localization resources contain conflicting entries for (Namespace:ContentBrowser, Key:ImportAssetToolTip):
Localization Resource: (C:/Program Files/Epic Games/4.8/Engine/Content/Localization/Editor/en/Editor.locres) Source String Hash: (-630476809) Localized String: (Import to {0}...)
Localization Resource: (C:/Program Files/Epic Games/4.8/Engine/Content/Localization/Editor/en/Editor.locres) Source String Hash: (1271782899) Localized String: (Imports an asset from file to this folder.)
[2015.08.31-17.59.09:290][  0]LogD3D11RHI: Found D3D11 adapter 0: Intel(R) HD Graphics Family (Feature Level 11_0)
[2015.08.31-17.59.09:290][  0]LogD3D11RHI: Adapter has 0MB of dedicated video memory, 0MB of dedicated system memory, and 1792MB of shared system memory, 1 output[s]
[2015.08.31-17.59.09:293][  0]LogD3D11RHI: Found D3D11 adapter 1: Microsoft Basic Render Driver (Feature Level 11_0)
[2015.08.31-17.59.09:293][  0]LogD3D11RHI: Adapter has 0MB of dedicated video memory, 0MB of dedicated system memory, and 256MB of shared system memory, 0 output[s]
[2015.08.31-17.59.09:293][  0]LogD3D11RHI: Chosen D3D11 Adapter Id = 0
[2015.08.31-17.59.09:307][  0]LogD3D11RHI: InitD3DDevice
[2015.08.31-17.59.09:307][  0]LogD3D11RHI: !Direct3DDevice
[2015.08.31-17.59.09:307][  0]LogRHI: Texture pool is 627 MB (70% of 896 MB)
[2015.08.31-17.59.09:324][  0]LogD3D11RHI: Async texture creation enabled
[2015.08.31-17.59.09:349][  0]LogShaderCompilers:Display: Using Local Shader Compiler.
[2015.08.31-17.59.12:769][  0]LogTemp:Display: Loaded TP DesktopTargetPlatform
[2015.08.31-17.59.12:824][  0]LogTemp:Display: Loaded TP WindowsClientTargetPlatform
[2015.08.31-17.59.12:879][  0]LogTemp:Display: Loaded TP WindowsNoEditorTargetPlatform
[2015.08.31-17.59.12:936][  0]LogTemp:Display: Loaded TP WindowsServerTargetPlatform
[2015.08.31-17.59.12:994][  0]LogTemp:Display: Loaded TP WindowsTargetPlatform
[2015.08.31-17.59.13:040][  0]LogTemp:Display: Loaded TP AndroidTargetPlatform
[2015.08.31-17.59.13:085][  0]LogTemp:Display: Loaded TP Android_ASTCTargetPlatform
[2015.08.31-17.59.13:129][  0]LogTemp:Display: Loaded TP Android_ATCTargetPlatform
[2015.08.31-17.59.13:175][  0]LogTemp:Display: Loaded TP Android_DXTTargetPlatform
[2015.08.31-17.59.13:222][  0]LogTemp:Display: Loaded TP Android_ETC1TargetPlatform
[2015.08.31-17.59.13:286][  0]LogTemp:Display: Loaded TP Android_ETC2TargetPlatform
[2015.08.31-17.59.13:335][  0]LogTemp:Display: Loaded TP Android_PVRTCTargetPlatform
[2015.08.31-17.59.13:483][  0]LogTemp:Display: Loaded TP IOSTargetPlatform
[2015.08.31-17.59.13:529][  0]LogTemp:Display: Loaded TP LinuxNoEditorTargetPlatform
[2015.08.31-17.59.13:578][  0]LogTemp:Display: Loaded TP LinuxServerTargetPlatform
[2015.08.31-17.59.13:627][  0]LogTemp:Display: Loaded TP LinuxTargetPlatform
[2015.08.31-17.59.13:627][  0]LogTargetPlatformManager:Display: Building Assets For Windows
[2015.08.31-17.59.14:376][  0]LogDerivedDataCache:Display: Max Cache Size: 512 MB
[2015.08.31-17.59.14:571][  0]LogDerivedDataCache: Loaded boot cache 0.20s 53MB C:/Users/Shai K/AppData/Local/UnrealEngine/4.8/DerivedDataCache/Boot.ddc.
[2015.08.31-17.59.14:571][  0]LogDerivedDataCache:Display: Loaded Boot cache: C:/Users/Shai K/AppData/Local/UnrealEngine/4.8/DerivedDataCache/Boot.ddc
[2015.08.31-17.59.14:572][  0]LogDerivedDataCache: FDerivedDataBackendGraph:  Pak pak cache file ../../../../../../Users/Shai K/Documents/Unreal Projects/MyProject/DerivedDataCache/DDC.ddp not found, will not use a pak cache.
[2015.08.31-17.59.14:572][  0]LogDerivedDataCache: Unable to find inner node Pak for hierarchical cache Hierarchy.
[2015.08.31-17.59.14:572][  0]LogDerivedDataCache: FDerivedDataBackendGraph:  CompressedPak pak cache file ../../../../../../Users/Shai K/Documents/Unreal Projects/MyProject/DerivedDataCache/Compressed.ddp not found, will not use a pak cache.
[2015.08.31-17.59.14:572][  0]LogDerivedDataCache: Unable to find inner node CompressedPak for hierarchical cache Hierarchy.
[2015.08.31-17.59.15:141][  0]LogDerivedDataCache:Display: Pak cache opened for reading ../../../Engine/DerivedDataCache/Compressed.ddp.
[2015.08.31-17.59.15:155][  0]LogDerivedDataCache: Using Local data cache path C:/Users/Shai K/AppData/Local/UnrealEngine/Common/DerivedDataCache: Writable
[2015.08.31-17.59.15:907][  0]LogInit: Selected Device Profile: [Windows]
[2015.08.31-17.59.16:215][  0]ImportText (ComponentSweepMultiTests): Missing closing parenthesis: (RootShapeAsset="/Engine/BasicShapes/Cube.Cube",ShapeType="TriggerCapsule",HitResult=(Time=0.50,Location=(X=-100.000015,Y=0.0,Z=100.000015),ImpactPoint=(X=-50.0,Y=0.0,Z=50.0),Normal=(X=-1.0,Y=-0.0,Z=0.0),ImpactNormal=(X=0.0,Y=0.0,Z=1.0),TraceStart=(X=-200.0,Y=0.0,Z=200.0),TraceEnd=(X=0.0,Y=0.0,Z=0.0))
[2015.08.31-17.59.16:216][  0]ImportText (LineTraceSingleByChannelTests): Missing closing parenthesis: (RootShapeAsset="/Engine/BasicShapes/Cube.Cube",HitResult=(Time=0.50,Location=(X=-100.000015,Y=0.0,Z=100.000015),ImpactPoint=(X=-50.0,Y=0.0,Z=50.0),Normal=(X=-1.0,Y=-0.0,Z=0.0),ImpactNormal=(X=0.0,Y=0.0,Z=1.0),TraceStart=(X=-200.0,Y=0.0,Z=200.0),TraceEnd=(X=0.0,Y=0.0,Z=0.0))
[2015.08.31-17.59.16:314][  0]LogMeshUtilities: No automatic mesh reduction module available
[2015.08.31-17.59.16:314][  0]LogMeshUtilities: No automatic mesh merging module available
[2015.08.31-17.59.17:563][  0]LogInit: WinSock: version 1.1 (2.2), MaxSocks=32767, MaxUdp=65467
[2015.08.31-17.59.21:050][  0]UdpMessaging: Initializing bridge on interface 0.0.0.0:0 to multicast group 230.0.0.1:6666.
[2015.08.31-17.59.22:139][  0]SourceControl: Info Source control is disabled
[2015.08.31-17.59.22:141][  0]SourceControl: Info Source control is disabled
[2015.08.31-17.59.22:175][  0]SourceControl: Info Source control is disabled
[2015.08.31-17.59.22:209][  0]SourceControl: Info Source control is disabled
[2015.08.31-17.59.23:011][  0]LogObj: 26273 objects as part of root set at end of initial load.
[2015.08.31-17.59.23:011][  0]LogUObjectAllocator: 5409248 out of 0 bytes used by permanent object pool.
[2015.08.31-17.59.23:239][  0]LogEngine: Initializing Engine...
[2015.08.31-17.59.23:248][  0]LogHMD: Can't find Oculus library dev build: is proper Runtime installed? Version: 0.6.0.0
[2015.08.31-17.59.23:251][  0]LogHMD:Warning: SteamVR failed to initialize.  Error: 110
[2015.08.31-17.59.23:841][  0]LogAIModule: Creating AISystem for world NewWorld
[2015.08.31-17.59.23:849][  0]LogInit: XAudio2 using 'Speakers (Realtek High Definition Audio)' : 2 channels at 48 kHz using 32 bits per sample (channel mask 0x3)
[2015.08.31-17.59.24:029][  0]LogInit: FAudioDevice initialized.
[2015.08.31-17.59.24:105][  0]LogDerivedDataCache: Saved boot cache 0.08s 53MB C:/Users/Shai K/AppData/Local/UnrealEngine/4.8/DerivedDataCache/Boot.ddc.
[2015.08.31-17.59.24:123][  0]LogInit: Texture streaming: Disabled
[2015.08.31-17.59.24:216][  0]LogAnalytics: Creating configured Analytics provider AnalyticsET
[2015.08.31-17.59.24:216][  0]LogAnalytics: [UEEditor.Rocket.Release] APIServer = http://et2.epicgames.com/ET2/. AppVersion = 4.8.3-2634408+++depot+UE4-Releases+4.8
[2015.08.31-17.59.24:216][  0]LogAnalytics: [UEEditor.Rocket.Release] SetUserId 1ef7b0bc436e3b9cd1c3858c1c434fa5|15bce335af784f88bd5672814fa8b89c|bd8998dc-4726-4b12-bc56-b8eefb391ef7
[2015.08.31-17.59.24:217][  0]LogAnalytics: [UEEditor.Rocket.Release] AnalyticsET::StartSession
[2015.08.31-17.59.24:308][  0]LogInit: Transaction tracking system initialized
[2015.08.31-17.59.24:889][  0]BlueprintLog: New page: Editor Load
[2015.08.31-17.59.25:008][  0]LogAssetRegistry: FAssetRegistry took 0.0116 seconds to start up
[2015.08.31-17.59.25:010][  0]LogDirectoryWatcher:Warning: Failed to begin reading directory changes for ../../../Engine/Plugins/Experimental/CharacterAI/Content/. Error: 0
[2015.08.31-17.59.28:778][  0]LogConsoleManager:Warning: Console variable 'r.VSync' wasn't set ('GameSetting' has a lower priority than 'SystemSettingsIni')
[2015.08.31-17.59.28:779][  0]LogConsoleResponse:Display: 
[2015.08.31-17.59.29:024][  0]LogCook:Display: Done creating registry. It took  0.00s.
[2015.08.31-17.59.29:423][  0]SourceControl: Info Source control is disabled
[2015.08.31-17.59.29:423][  0]Cmd: MAP LOAD FILE="../../../Engine/Content/Maps/Templates/Template_Default.umap" TEMPLATE=1 SHOWPROGRESS=1 FEATURELEVEL=3
[2015.08.31-17.59.29:424][  0]LightingResults: New page: Lighting Build
[2015.08.31-17.59.29:445][  0]MapCheck: New page: Map Check
[2015.08.31-17.59.29:445][  0]LightingResults: New page: Lighting Build
[2015.08.31-17.59.29:473][  0]LogParticles: Destroying 0 GPU particle simulations for FXSystem 0x0000009553A11300
[2015.08.31-17.59.30:075][  0]LogAIModule: Creating AISystem for world Untitled_1
[2015.08.31-17.59.30:084][  0]LogEditorServer: Finished looking for orphan Actors (0.000 secs)
[2015.08.31-17.59.30:102][  0]Cmd: MAP CHECKDEP NOCLEARLOG
[2015.08.31-17.59.30:151][  0]MapCheck: Info Map check complete: 0 Error(s), 0 Warning(s), took 49.067ms to complete.
[2015.08.31-17.59.30:151][  0]LogFileHelpers: Loading map 'Template_Default' took 0.729
[2015.08.31-17.59.30:307][  0]LogCollectionManager: Loaded 0 collections in 0.002106 seconds
[2015.08.31-17.59.30:315][  0]LogContentBrowser: Native class hierarchy populated in 0.0072 seconds. Added 1792 classes and 301 folders.
[2015.08.31-17.59.30:358][  0]LogContentBrowser: Native class hierarchy updated for 'WidgetCarousel' in 0.0003 seconds. Added 0 classes and 0 folders.
[2015.08.31-17.59.30:389][  0]LogContentBrowser: Native class hierarchy updated for 'AddContentDialog' in 0.0003 seconds. Added 0 classes and 0 folders.
[2015.08.31-17.59.30:403][  0]LogContentBrowser: Native class hierarchy updated for 'SceneOutliner' in 0.0004 seconds. Added 1 classes and 2 folders.
[2015.08.31-17.59.30:444][  0]LogCrashTracker: Crashtracker disabled due to settings.
[2015.08.31-17.59.30:445][  0]LogD3D11RHI: InitD3DDevice
[2015.08.31-17.59.30:449][  0]LogUObjectGlobals:Warning: Failed to find object 'Class None.'
[2015.08.31-17.59.30:471][  0]LogLoad: Full Startup: 29.02 seconds (BP compile: 0.31 seconds)
[2015.08.31-17.59.30:489][  0]LogWindowsTextInputMethodSystem:Display: IME system now deactivated.
[2015.08.31-17.59.30:489][  0]LogWindowsTextInputMethodSystem:Display: IME system now deactivated.
[2015.08.31-17.59.30:560][  0]LogContentStreaming: Texture pool size is 0.000000MB
[2015.08.31-17.59.30:880][  0]LogContentStreaming: Texture pool size now 1000 MB
[2015.08.31-17.59.31:211][  0]LogRenderer: Reallocating scene render targets to support 808x344 (Frame:2).
[2015.08.31-17.59.35:208][  7]LogD3D11RHI: InitD3DDevice
[2015.08.31-17.59.35:756][ 17]LogAssetRegistry: Asset discovery search completed in 10.7604 seconds
[2015.08.31-17.59.41:321][121]LogD3D11RHI: InitD3DDevice
[2015.08.31-17.59.46:904][444]LogD3D11RHI: InitD3DDevice
[2015.08.31-17.59.49:246][572]LogD3D11RHI: InitD3DDevice
[2015.08.31-17.59.49:453][572]LogD3D11RHI: InitD3DDevice
[2015.08.31-18.00.19:222][572]LogD3D11RHI: InitD3DDevice
[2015.08.31-18.00.30:424][572]LogD3D11RHI: InitD3DDevice
[2015.08.31-18.00.30:519][572]LogD3D11RHI: InitD3DDevice
[2015.08.31-18.00.30:566][572]LogLinker:Warning: Asset '../../../Engine/Content/ArtTools/RenderToTexture/Macros/RenderToTextureMacros.uasset' has been saved with empty engine version. The asset will be loaded but may be incompatible.
[2015.08.31-18.00.30:957][572]LogLinker:Warning: Asset '../../../Engine/Content/ArtTools/RenderToTexture/Enums/RenderToTexture_Enum.uasset' has been saved with empty engine version. The asset will be loaded but may be incompatible.
[2015.08.31-18.00.34:118][572]LogRenderer: Reallocating scene render targets to support 808x552 (Frame:124).
[2015.08.31-18.06.25:299][293]LogParticles: Destroying 0 GPU particle simulations for FXSystem 0x00000095597AD620
[2015.08.31-18.06.25:425][293]LogD3D11RHI: InitD3DDevice
[2015.08.31-18.06.29:508][293]LogWindowsTextInputMethodSystem:Display: IME system now deactivated.
[2015.08.31-18.06.29:509][293]LogWindowsTextInputMethodSystem:Display: IME system now deactivated.
[2015.08.31-18.06.30:285][294]Cmd: QUIT_EDITOR
[2015.08.31-18.06.31:214][294]LogExit: Preparing to exit.
[2015.08.31-18.06.32:510][294]LogExit: Editor shut down
[2015.08.31-18.06.32:511][294]LogExit: Transaction tracking system shut down
[2015.08.31-18.06.32:515][294]LogParticles: Destroying 0 GPU particle simulations for FXSystem 0x000000954A74A340
[2015.08.31-18.06.32:516][294]LogParticles: Destroying 0 GPU particle simulations for FXSystem 0x000000955966F240
[2015.08.31-18.06.32:516][294]LogParticles: Destroying 0 GPU particle simulations for FXSystem 0x000000955E5CF7E0
[2015.08.31-18.06.33:177][294]LogExit: Object subsystem successfully closed.
[2015.08.31-18.06.33:212][294]LogD3D11RHI: Shutdown
[2015.08.31-18.06.33:212][294]LogD3D11RHI: CleanupD3DDevice
[2015.08.31-18.06.33:339][294]LogD3D11RHI: ~FD3D11DynamicRHI
[2015.08.31-18.06.33:407][294]LogModuleManager: Shutting down and abandoning module CrashTracker (188)
[2015.08.31-18.06.33:407][294]LogModuleManager: Shutting down and abandoning module SceneOutliner (187)
[2015.08.31-18.06.33:407][294]LogModuleManager: Shutting down and abandoning module SuperSearch (186)
[2015.08.31-18.06.33:408][294]LogModuleManager: Shutting down and abandoning module WidgetCarousel (185)
[2015.08.31-18.06.33:408][294]LogModuleManager: Shutting down and abandoning module AddContentDialog (184)
[2015.08.31-18.06.33:410][294]LogModuleManager: Shutting down and abandoning module EditorWidgets (183)
[2015.08.31-18.06.33:410][294]LogModuleManager: Shutting down and abandoning module CollectionManager (182)
[2015.08.31-18.06.33:410][294]LogModuleManager: Shutting down and abandoning module StatsViewer (181)
[2015.08.31-18.06.33:410][294]LogModuleManager: Shutting down and abandoning module FoliageEdit (180)
[2015.08.31-18.06.33:410][294]LogModuleManager: Shutting down and abandoning module LandscapeEditor (179)
[2015.08.31-18.06.33:411][294]LogModuleManager: Shutting down and abandoning module ActorPickerMode (178)
[2015.08.31-18.06.33:411][294]LogModuleManager: Shutting down and abandoning module GeometryMode (177)
[2015.08.31-18.06.33:411][294]LogModuleManager: Shutting down and abandoning module TextureAlignMode (176)
[2015.08.31-18.06.33:411][294]LogModuleManager: Shutting down and abandoning module BspMode (175)
[2015.08.31-18.06.33:411][294]LogModuleManager: Shutting down and abandoning module PlacementMode (174)
[2015.08.31-18.06.33:411][294]LogModuleManager: Shutting down and abandoning module AutomationWorker (173)
[2015.08.31-18.06.33:411][294]LogModuleManager: Shutting down and abandoning module CharacterAI (172)
[2015.08.31-18.06.33:411][294]LogModuleManager: Shutting down and abandoning module SmartSnapping (171)
[2015.08.31-18.06.33:411][294]LogModuleManager: Shutting down and abandoning module ViewportSnapping (170)
[2015.08.31-18.06.33:411][294]LogModuleManager: Shutting down and abandoning module LogVisualizer (169)
[2015.08.31-18.06.33:411][294]LogModuleManager: Shutting down and abandoning module GameProjectGeneration (168)
[2015.08.31-18.06.33:411][294]LogModuleManager: Shutting down and abandoning module IntroTutorials (167)
[2015.08.31-18.06.33:412][294]LogModuleManager: Shutting down and abandoning module EditorLiveStreaming (166)
[2015.08.31-18.06.33:412][294]LogModuleManager: Shutting down and abandoning module IOSPlatformEditor (165)
[2015.08.31-18.06.33:412][294]LogModuleManager: Shutting down and abandoning module HTML5PlatformEditor (164)
[2015.08.31-18.06.33:412][294]LogModuleManager: Shutting down and abandoning module AndroidDeviceDetection (163)
[2015.08.31-18.06.33:427][294]LogModuleManager: Shutting down and abandoning module AndroidPlatformEditor (162)
[2015.08.31-18.06.33:427][294]LogModuleManager: Shutting down and abandoning module IOSRuntimeSettings (161)
[2015.08.31-18.06.33:427][294]LogModuleManager: Shutting down and abandoning module AndroidRuntimeSettings (160)
[2015.08.31-18.06.33:427][294]LogModuleManager: Shutting down and abandoning module MergeActors (159)
[2015.08.31-18.06.33:427][294]LogModuleManager: Shutting down and abandoning module SizeMap (158)
[2015.08.31-18.06.33:427][294]LogModuleManager: Shutting down and abandoning module TreeMap (157)
[2015.08.31-18.06.33:427][294]LogModuleManager: Shutting down and abandoning module ReferenceViewer (156)
[2015.08.31-18.06.33:427][294]LogModuleManager: Shutting down and abandoning module LocalizationDashboard (155)
[2015.08.31-18.06.33:428][294]LogModuleManager: Shutting down and abandoning module HardwareTargeting (154)
[2015.08.31-18.06.33:428][294]LogModuleManager: Shutting down and abandoning module DeviceProfileEditor (153)
[2015.08.31-18.06.33:428][294]LogModuleManager: Shutting down and abandoning module UndoHistory (152)
[2015.08.31-18.06.33:428][294]LogModuleManager: Shutting down and abandoning module GameplayTagsEditor (151)
[2015.08.31-18.06.33:428][294]LogModuleManager: Shutting down and abandoning module UserFeedback (150)
[2015.08.31-18.06.33:428][294]LogModuleManager: Shutting down and abandoning module XmlParser (149)
[2015.08.31-18.06.33:428][294]LogModuleManager: Shutting down and abandoning module Blutility (148)
[2015.08.31-18.06.33:428][294]LogModuleManager: Shutting down and abandoning module ProjectTargetPlatformEditor (147)
[2015.08.31-18.06.33:428][294]LogModuleManager: Shutting down and abandoning module ProjectSettingsViewer (146)
[2015.08.31-18.06.33:429][294]LogModuleManager: Shutting down and abandoning module InputBindingEditor (145)
[2015.08.31-18.06.33:429][294]LogModuleManager: Shutting down and abandoning module EditorSettingsViewer (144)
[2015.08.31-18.06.33:429][294]LogModuleManager: Shutting down and abandoning module SettingsEditor (143)
[2015.08.31-18.06.33:429][294]LogModuleManager: Shutting down and abandoning module ProjectLauncher (142)
[2015.08.31-18.06.33:429][294]LogModuleManager: Shutting down and abandoning module SessionFrontend (141)
[2015.08.31-18.06.33:430][294]LogModuleManager: Shutting down and abandoning module ProfilerClient (140)
[2015.08.31-18.06.33:430][294]LogModuleManager: Shutting down and abandoning module TargetDeviceServices (139)
[2015.08.31-18.06.33:430][294]LogModuleManager: Shutting down and abandoning module DeviceManager (138)
[2015.08.31-18.06.33:430][294]LogModuleManager: Shutting down and abandoning module AutomationController (137)
[2015.08.31-18.06.33:430][294]LogModuleManager: Shutting down and abandoning module AutomationWindow (136)
[2015.08.31-18.06.33:430][294]LogModuleManager: Shutting down and abandoning module Layers (135)
[2015.08.31-18.06.33:430][294]LogModuleManager: Shutting down and abandoning module ComponentVisualizers (134)
[2015.08.31-18.06.33:430][294]LogModuleManager: Shutting down and abandoning module DetailCustomizations (133)
[2015.08.31-18.06.33:430][294]LogModuleManager: Shutting down and abandoning module PackagesDialog (132)
[2015.08.31-18.06.33:431][294]LogModuleManager: Shutting down and abandoning module AssetRegistry (131)
[2015.08.31-18.06.33:602][294]LogModuleManager: Shutting down and abandoning module Persona (130)
[2015.08.31-18.06.33:602][294]LogModuleManager: Shutting down and abandoning module Kismet (129)
[2015.08.31-18.06.33:602][294]LogModuleManager: Shutting down and abandoning module GraphEditor (128)
[2015.08.31-18.06.33:603][294]LogModuleManager: Shutting down and abandoning module ClassViewer (127)
[2015.08.31-18.06.33:606][294]LogModuleManager: Shutting down and abandoning module Toolbox (126)
[2015.08.31-18.06.33:606][294]LogModuleManager: Shutting down and abandoning module ModuleUI (125)
[2015.08.31-18.06.33:606][294]LogModuleManager: Shutting down and abandoning module MovieSceneTools (124)
[2015.08.31-18.06.33:606][294]LogModuleManager: Shutting down and abandoning module OutputLog (123)
[2015.08.31-18.06.33:606][294]LogModuleManager: Shutting down and abandoning module GammaUI (122)
[2015.08.31-18.06.33:606][294]LogModuleManager: Shutting down and abandoning module Documentation (121)
[2015.08.31-18.06.33:606][294]LogModuleManager: Shutting down and abandoning module GameLiveStreaming (120)
[2015.08.31-18.06.33:606][294]LogModuleManager: Shutting down and abandoning module StreamingPauseRendering (119)
[2015.08.31-18.06.33:606][294]LogModuleManager: Shutting down and abandoning module AnalyticsET (118)
[2015.08.31-18.06.33:606][294]LogModuleManager: Shutting down and abandoning module Analytics (117)
[2015.08.31-18.06.33:606][294]LogModuleManager: Shutting down and abandoning module AITestSuite (116)
[2015.08.31-18.06.33:606][294]LogModuleManager: Shutting down and abandoning module GameplayDebugger (115)
[2015.08.31-18.06.33:606][294]LogModuleManager: Shutting down and abandoning module AIModule (114)
[2015.08.31-18.06.33:607][294]LogModuleManager: Shutting down and abandoning module ProfilerService (113)
[2015.08.31-18.06.33:709][294]LogModuleManager: Shutting down and abandoning module TaskGraph (112)
[2015.08.31-18.06.33:709][294]LogModuleManager: Shutting down and abandoning module SlateRemote (111)
[2015.08.31-18.06.33:709][294]LogModuleManager: Shutting down and abandoning module SteamVRController (110)
[2015.08.31-18.06.33:709][294]LogModuleManager: Shutting down and abandoning module SteamVR (109)
[2015.08.31-18.06.33:709][294]LogModuleManager: Shutting down and abandoning module ProceduralMeshComponent (108)
[2015.08.31-18.06.33:709][294]LogModuleManager: Shutting down and abandoning module OculusRift (107)
[2015.08.31-18.06.33:709][294]LogModuleManager: Shutting down and abandoning module LeapMotionController (106)
[2015.08.31-18.06.33:750][294]LogModuleManager: Shutting down and abandoning module CustomMeshComponent (105)
[2015.08.31-18.06.33:750][294]LogModuleManager: Shutting down and abandoning module CableComponent (104)
[2015.08.31-18.06.33:750][294]LogModuleManager: Shutting down and abandoning module MessagingDebugger (103)
[2015.08.31-18.06.33:750][294]LogModuleManager: Shutting down and abandoning module MediaPlayerEditor (102)
[2015.08.31-18.06.33:750][294]LogModuleManager: Shutting down and abandoning module SpeedTreeImporter (101)
[2015.08.31-18.06.33:750][294]LogModuleManager: Shutting down and abandoning module PluginBrowser (100)
[2015.08.31-18.06.33:750][294]LogModuleManager: Shutting down and abandoning module EpicSurvey (99)
[2015.08.31-18.06.33:750][294]LogModuleManager: Shutting down and abandoning module DesktopPlatform (98)
[2015.08.31-18.06.33:751][294]LogModuleManager: Shutting down and abandoning module VisualStudioSourceCodeAccess (97)
[2015.08.31-18.06.33:751][294]LogModuleManager: Shutting down and abandoning module UObjectPlugin (96)
[2015.08.31-18.06.33:751][294]LogModuleManager: Shutting down and abandoning module SubversionSourceControl (95)
[2015.08.31-18.06.33:751][294]LogModuleManager: Shutting down and abandoning module PerforceSourceControl (94)
[2015.08.31-18.06.33:751][294]LogModuleManager: Shutting down and abandoning module SourceControl (93)
[2015.08.31-18.06.33:751][294]LogModuleManager: Shutting down and abandoning module GitSourceControl (92)
[2015.08.31-18.06.33:751][294]LogModuleManager: Shutting down and abandoning module BlankPlugin (91)
[2015.08.31-18.06.33:751][294]LogModuleManager: Shutting down and abandoning module PaperTiledImporter (90)
[2015.08.31-18.06.33:751][294]LogModuleManager: Shutting down and abandoning module PaperSpriteSheetImporter (89)
[2015.08.31-18.06.33:751][294]LogModuleManager: Shutting down and abandoning module MeshPaint (88)
[2015.08.31-18.06.33:751][294]LogModuleManager: Shutting down and abandoning module SlateReflector (87)
[2015.08.31-18.06.33:751][294]LogModuleManager: Shutting down and abandoning module DirectoryWatcher (86)
[2015.08.31-18.06.33:752][294]LogModuleManager: Shutting down and abandoning module HotReload (85)
[2015.08.31-18.06.33:752][294]LogModuleManager: Shutting down and abandoning module MainFrame (84)
[2015.08.31-18.06.33:752][294]LogModuleManager: Shutting down and abandoning module LevelEditor (83)
[2015.08.31-18.06.33:755][294]LogModuleManager: Shutting down and abandoning module ContentBrowser (82)
[2015.08.31-18.06.33:757][294]LogModuleManager: Shutting down and abandoning module Paper2DEditor (81)
[2015.08.31-18.06.33:757][294]LogModuleManager: Shutting down and abandoning module UdpMessaging (80)
[2015.08.31-18.06.33:858][294]LogModuleManager: Shutting down and abandoning module Paper2D (79)
[2015.08.31-18.06.33:858][294]LogModuleManager: Shutting down and abandoning module WindowsMoviePlayer (78)
[2015.08.31-18.06.33:865][294]LogModuleManager: Shutting down and abandoning module Media (77)
[2015.08.31-18.06.33:865][294]LogModuleManager: Shutting down and abandoning module WmfMedia (76)
[2015.08.31-18.06.33:865][294]LogModuleManager: Shutting down and abandoning module OnlineBlueprintSupport (75)
[2015.08.31-18.06.33:865][294]LogModuleManager: Shutting down and abandoning module PropertyEditor (74)
[2015.08.31-18.06.33:865][294]LogModuleManager: Shutting down and abandoning module BehaviorTreeEditor (73)
[2015.08.31-18.06.33:865][294]LogModuleManager: Shutting down and abandoning module FunctionalTesting (72)
[2015.08.31-18.06.33:865][294]LogModuleManager: Shutting down and abandoning module CollisionAnalyzer (71)
[2015.08.31-18.06.33:865][294]LogModuleManager: Shutting down and abandoning module WorkspaceMenuStructure (70)
[2015.08.31-18.06.33:865][294]LogModuleManager: Shutting down and abandoning module MessageLog (69)
[2015.08.31-18.06.33:865][294]LogModuleManager: Shutting down and abandoning module Sequencer (68)
[2015.08.31-18.06.33:865][294]LogModuleManager: Shutting down and abandoning module AssetTools (67)
[2015.08.31-18.06.33:865][294]LogModuleManager: Shutting down and abandoning module UMGEditor (66)
[2015.08.31-18.06.33:866][294]LogModuleManager: Shutting down and abandoning module UMG (65)
[2015.08.31-18.06.33:866][294]LogModuleManager: Shutting down and abandoning module Slate (64)
[2015.08.31-18.06.33:866][294]LogModuleManager: Shutting down and abandoning module EditorStyle (63)
[2015.08.31-18.06.33:873][294]LogModuleManager: Shutting down and abandoning module SessionServices (62)
[2015.08.31-18.06.33:873][294]LogModuleManager: Shutting down and abandoning module SourceCodeAccess (61)
[2015.08.31-18.06.33:873][294]LogModuleManager: Shutting down and abandoning module HeadMountedDisplay (60)
[2015.08.31-18.06.33:873][294]LogModuleManager: Shutting down and abandoning module XAudio2 (59)
[2015.08.31-18.06.33:873][294]LogModuleManager: Shutting down and abandoning module Networking (57)
[2015.08.31-18.06.33:873][294]LogModuleManager: Shutting down and abandoning module Core (56)
[2015.08.31-18.06.33:873][294]LogModuleManager: Shutting down and abandoning module KismetCompiler (55)
[2015.08.31-18.06.33:873][294]LogModuleManager: Shutting down and abandoning module PhysXFormats (54)
[2015.08.31-18.06.33:873][294]LogModuleManager: Shutting down and abandoning module MeshUtilities (53)
[2015.08.31-18.06.33:874][294]LogModuleManager: Shutting down and abandoning module DerivedDataCache (52)
[2015.08.31-18.06.33:929][294]LogDerivedDataCache: Shutdown
[2015.08.31-18.06.33:929][294]LogModuleManager: Shutting down and abandoning module ShaderFormatOpenGL (51)
[2015.08.31-18.06.33:929][294]LogModuleManager: Shutting down and abandoning module ShaderFormatD3D (50)
[2015.08.31-18.06.33:929][294]LogModuleManager: Shutting down and abandoning module MetalShaderFormat (49)
[2015.08.31-18.06.33:929][294]LogModuleManager: Shutting down and abandoning module TextureFormatUncompressed (48)
[2015.08.31-18.06.33:929][294]LogModuleManager: Shutting down and abandoning module TextureFormatPVR (47)
[2015.08.31-18.06.33:929][294]LogModuleManager: Shutting down and abandoning module TextureFormatIntelISPCTexComp (46)
[2015.08.31-18.06.33:929][294]LogModuleManager: Shutting down and abandoning module TextureFormatDXT (45)
[2015.08.31-18.06.33:929][294]LogModuleManager: Shutting down and abandoning module ImageWrapper (44)
[2015.08.31-18.06.33:929][294]LogModuleManager: Shutting down and abandoning module TextureFormatASTC (43)
[2015.08.31-18.06.33:929][294]LogModuleManager: Shutting down and abandoning module TextureFormatAndroid (42)
[2015.08.31-18.06.33:929][294]LogModuleManager: Shutting down and abandoning module AudioFormatOpus (41)
[2015.08.31-18.06.33:930][294]LogModuleManager: Shutting down and abandoning module AudioFormatOgg (40)
[2015.08.31-18.06.33:930][294]LogModuleManager: Shutting down and abandoning module AudioFormatADPCM (39)
[2015.08.31-18.06.33:930][294]LogModuleManager: Shutting down and abandoning module LinuxTargetPlatform (38)
[2015.08.31-18.06.33:930][294]LogModuleManager: Shutting down and abandoning module LinuxServerTargetPlatform (37)
[2015.08.31-18.06.33:930][294]LogModuleManager: Shutting down and abandoning module LinuxNoEditorTargetPlatform (36)
[2015.08.31-18.06.33:930][294]LogModuleManager: Shutting down and abandoning module Messaging (35)
[2015.08.31-18.06.33:930][294]LogModuleManager: Shutting down and abandoning module IOSTargetPlatform (34)
[2015.08.31-18.06.33:930][294]LogModuleManager: Shutting down and abandoning module HTML5TargetPlatform (33)
[2015.08.31-18.06.33:930][294]LogModuleManager: Shutting down and abandoning module Android_PVRTCTargetPlatform (32)
[2015.08.31-18.06.33:930][294]LogModuleManager: Shutting down and abandoning module Android_ETC2TargetPlatform (31)
[2015.08.31-18.06.33:930][294]LogModuleManager: Shutting down and abandoning module Android_ETC1TargetPlatform (30)
[2015.08.31-18.06.33:930][294]LogModuleManager: Shutting down and abandoning module Android_DXTTargetPlatform (29)
[2015.08.31-18.06.33:930][294]LogModuleManager: Shutting down and abandoning module Android_ATCTargetPlatform (28)
[2015.08.31-18.06.33:930][294]LogModuleManager: Shutting down and abandoning module Android_ASTCTargetPlatform (27)
[2015.08.31-18.06.33:930][294]LogModuleManager: Shutting down and abandoning module AndroidTargetPlatform (26)
[2015.08.31-18.06.33:930][294]LogModuleManager: Shutting down and abandoning module WindowsTargetPlatform (25)
[2015.08.31-18.06.33:930][294]LogModuleManager: Shutting down and abandoning module WindowsServerTargetPlatform (24)
[2015.08.31-18.06.33:930][294]LogModuleManager: Shutting down and abandoning module WindowsNoEditorTargetPlatform (23)
[2015.08.31-18.06.33:930][294]LogModuleManager: Shutting down and abandoning module WindowsClientTargetPlatform (22)
[2015.08.31-18.06.33:930][294]LogModuleManager: Shutting down and abandoning module DesktopTargetPlatform (21)
[2015.08.31-18.06.33:930][294]LogModuleManager: Shutting down and abandoning module TargetPlatform (20)
[2015.08.31-18.06.33:930][294]LogModuleManager: Shutting down and abandoning module InputCore (19)
[2015.08.31-18.06.33:930][294]LogModuleManager: Shutting down and abandoning module Settings (18)
[2015.08.31-18.06.33:930][294]LogModuleManager: Shutting down and abandoning module OnlineSubsystem (16)
[2015.08.31-18.06.33:930][294]LogModuleManager: Shutting down and abandoning module HTTP (15)
[2015.08.31-18.06.33:931][294]LogModuleManager: Shutting down and abandoning module ExampleDeviceProfileSelector (14)
[2015.08.31-18.06.33:931][294]LogModuleManager: Shutting down and abandoning module TextureCompressor (13)
[2015.08.31-18.06.33:931][294]LogModuleManager: Shutting down and abandoning module ShaderCore (12)
[2015.08.31-18.06.33:931][294]LogModuleManager: Shutting down and abandoning module Landscape (11)
[2015.08.31-18.06.33:931][294]LogModuleManager: Shutting down and abandoning module SlateRHIRenderer (10)
[2015.08.31-18.06.33:936][294]LogModuleManager: Shutting down and abandoning module OpenGLDrv (9)
[2015.08.31-18.06.33:936][294]LogModuleManager: Shutting down and abandoning module D3D11RHI (8)
[2015.08.31-18.06.33:936][294]LogModuleManager: Shutting down and abandoning module Renderer (7)
[2015.08.31-18.06.33:936][294]LogModuleManager: Shutting down and abandoning module Engine (6)
[2015.08.31-18.06.33:936][294]LogModuleManager: Shutting down and abandoning module CoreUObject (5)
[2015.08.31-18.06.33:936][294]LogModuleManager: Shutting down and abandoning module NetworkFile (4)
[2015.08.31-18.06.33:936][294]LogModuleManager: Shutting down and abandoning module StreamingFile (3)
[2015.08.31-18.06.33:936][294]LogModuleManager: Shutting down and abandoning module SandboxFile (2)
[2015.08.31-18.06.33:936][294]LogModuleManager: Shutting down and abandoning module PakFile (1)
[2015.08.31-18.06.33:938][294]LogExit: Exiting.
[2015.08.31-18.06.33:941][294]Log file closed, 08/31/15 14:06:33
